2022-12-29 00:20:26,672 - DEBUG : debug log staement
2022-12-29 00:20:26,672 - INFO : info log statement
2022-12-29 00:20:26,672 - WARNING : warning log statement
2022-12-29 00:20:26,673 - ERROR : error log statement
2022-12-29 00:20:26,673 - CRITICAL : critical log statement
2022-12-29 00:23:59,740 - DEBUG : debug log staement
2022-12-29 00:23:59,740 - INFO : info log statement
2022-12-29 00:23:59,741 - WARNING : warning log statement
2022-12-29 00:23:59,741 - ERROR : error log statement
2022-12-29 00:23:59,741 - CRITICAL : critical log statement
2022-12-29 00:24:04,178 - DEBUG : debug log staement
2022-12-29 00:24:04,178 - INFO : info log statement
2022-12-29 00:24:04,179 - WARNING : warning log statement
2022-12-29 00:24:04,179 - ERROR : error log statement
2022-12-29 00:24:04,179 - CRITICAL : critical log statement
2022-12-29 00:24:20,985 - DEBUG : debug log staement
2022-12-29 00:24:20,986 - INFO : info log statement
2022-12-29 00:24:20,986 - WARNING : warning log statement
2022-12-29 00:24:20,986 - ERROR : error log statement
2022-12-29 00:24:20,986 - CRITICAL : critical log statement
2022-12-29 00:25:41,510 - DEBUG : debug log staement
2022-12-29 00:25:41,511 - INFO : info log statement
2022-12-29 00:25:41,511 - WARNING : warning log statement
2022-12-29 00:25:41,512 - ERROR : error log statement
2022-12-29 00:25:41,512 - CRITICAL : critical log statement
